\BOOKMARK [1][-]{section.1}{\376\377\000P\000r\000o\000b\000l\000e\000m\000\040\0001\000.\000\040\000G\000o\000l\000f\000-\000S\000p\000o\000r\000t\000:\000\040\000M\000a\000n\000a\000g\000i\000n\000g\000\040\000O\000p\000e\000r\000a\000t\000i\000o\000n\000s\000\040}{}% 1
\BOOKMARK [2][-]{subsection.1.1}{\376\377\000Q\000u\000e\000s\000t\000i\000o\000n\000:}{section.1}% 2
\BOOKMARK [2][-]{subsection.1.2}{\376\377\000S\000o\000l\000u\000t\000i\000o\000n\000:}{section.1}% 3
\BOOKMARK [3][-]{subsubsection.1.2.1}{\376\377\000N\000o\000t\000i\000o\000i\000n\000\040\000E\000x\000p\000l\000a\000n\000a\000t\000i\000o\000n}{subsection.1.2}% 4
\BOOKMARK [3][-]{subsubsection.1.2.2}{\376\377\000D\000e\000c\000i\000s\000i\000o\000n\000\040\000V\000a\000r\000i\000a\000b\000l\000e\000s}{subsection.1.2}% 5
\BOOKMARK [3][-]{subsubsection.1.2.3}{\376\377\000O\000b\000j\000e\000c\000t\000i\000v\000e\000\040\000F\000u\000n\000c\000t\000i\000o\000n}{subsection.1.2}% 6
\BOOKMARK [3][-]{subsubsection.1.2.4}{\376\377\000C\000o\000n\000s\000t\000r\000a\000i\000n\000t\000s}{subsection.1.2}% 7
\BOOKMARK [3][-]{subsubsection.1.2.5}{\376\377\000S\000i\000g\000n\000\040\000R\000e\000s\000t\000r\000i\000c\000t\000i\000o\000n}{subsection.1.2}% 8
\BOOKMARK [2][-]{subsection.1.3}{\376\377\000R\000e\000s\000u\000l\000t}{section.1}% 9
\BOOKMARK [2][-]{subsection.1.4}{\376\377\000S\000e\000n\000s\000i\000t\000i\000v\000i\000t\000y\000\040\000A\000n\000a\000l\000y\000s\000i\000s}{section.1}% 10
\BOOKMARK [3][-]{subsubsection.1.4.1}{\376\377\000G\000r\000a\000p\000h\000i\000t\000e\000\040\000a\000n\000d\000\040\000A\000d\000v\000e\000r\000t\000i\000s\000i\000n\000g\000\040\000C\000a\000s\000h}{subsection.1.4}% 11
\BOOKMARK [3][-]{subsubsection.1.4.2}{\376\377\000P\000a\000c\000k\000i\000n\000g\000\040\000M\000a\000c\000h\000i\000n\000e\000\040\000H\000o\000u\000r\000s\000,\000\040\000A\000s\000s\000e\000m\000b\000l\000y\000\040\000H\000o\000u\000r\000s\000\040\000a\000n\000d\000\040\000E\000x\000t\000r\000a\000\040\000L\000a\000b\000o\000r\000\040\000H\000o\000u\000r\000s}{subsection.1.4}% 12
\BOOKMARK [3][-]{subsubsection.1.4.3}{\376\377\000A\000d\000v\000e\000r\000t\000i\000s\000i\000n\000g\000\040\000P\000r\000o\000g\000r\000a\000m}{subsection.1.4}% 13
\BOOKMARK [1][-]{section.2}{\376\377\000P\000r\000o\000b\000l\000e\000m\000\040\0002\000.\000\040\000P\000r\000o\000d\000u\000c\000t\000i\000o\000n\000\040\000p\000l\000a\000n\000n\000i\000n\000g\000\040\000a\000n\000d\000\040\000i\000n\000v\000e\000n\000t\000o\000r\000y\000\040\000c\000o\000n\000t\000r\000o\000l}{}% 14
\BOOKMARK [2][-]{subsection.2.1}{\376\377\000Q\000u\000e\000s\000t\000i\000o\000n\000:}{section.2}% 15
\BOOKMARK [2][-]{subsection.2.2}{\376\377\000S\000o\000l\000u\000t\000i\000o\000n\000:}{section.2}% 16
\BOOKMARK [3][-]{subsubsection.2.2.1}{\376\377\000N\000o\000t\000i\000o\000i\000n\000\040\000E\000x\000p\000l\000a\000n\000a\000t\000i\000o\000n}{subsection.2.2}% 17
\BOOKMARK [3][-]{subsubsection.2.2.2}{\376\377\000D\000e\000c\000i\000s\000i\000o\000n\000\040\000v\000a\000r\000i\000a\000b\000l\000e\000s}{subsection.2.2}% 18
\BOOKMARK [3][-]{subsubsection.2.2.3}{\376\377\000O\000b\000j\000e\000c\000t\000i\000v\000e\000\040\000F\000u\000n\000c\000t\000i\000o\000n\000\040\000o\000f\000\040\000Q\000u\000e\000s\000t\000i\000o\000n\000\040\000\050\000a\000\051}{subsection.2.2}% 19
\BOOKMARK [3][-]{subsubsection.2.2.4}{\376\377\000C\000o\000n\000s\000t\000r\000a\000i\000n\000t\000s\000\040\000o\000f\000\040\000Q\000u\000e\000s\000t\000i\000o\000n\000\040\000\050\000a\000\051}{subsection.2.2}% 20
\BOOKMARK [3][-]{subsubsection.2.2.5}{\376\377\000S\000i\000g\000n\000\040\000R\000e\000s\000t\000r\000i\000c\000t\000i\000o\000n\000s\000\040\000o\000f\000\040\000Q\000u\000e\000s\000t\000i\000o\000n\000\040\000\050\000a\000\051}{subsection.2.2}% 21
\BOOKMARK [3][-]{subsubsection.2.2.6}{\376\377\000R\000e\000s\000u\000l\000t\000s\000\040\000o\000f\000\040\000Q\000u\000e\000s\000t\000i\000o\000n\000\040\000\050\000b\000\051}{subsection.2.2}% 22
\BOOKMARK [3][-]{subsubsection.2.2.7}{\376\377\000O\000b\000j\000e\000c\000t\000i\000v\000e\000\040\000F\000u\000n\000c\000t\000i\000o\000n\000\040\000o\000f\000\040\000Q\000u\000e\000s\000t\000i\000o\000n\000\040\000\050\000c\000\051}{subsection.2.2}% 23
\BOOKMARK [3][-]{subsubsection.2.2.8}{\376\377\000C\000o\000n\000s\000t\000r\000a\000i\000n\000t\000s\000\040\000o\000f\000\040\000Q\000u\000e\000s\000t\000i\000o\000n\000\040\000\050\000c\000\051}{subsection.2.2}% 24
\BOOKMARK [3][-]{subsubsection.2.2.9}{\376\377\000S\000i\000g\000n\000\040\000R\000e\000s\000t\000r\000i\000c\000t\000i\000o\000n\000s\000\040\000o\000f\000\040\000Q\000u\000e\000s\000t\000i\000o\000n\000\040\000\050\000c\000\051}{subsection.2.2}% 25
\BOOKMARK [3][-]{subsubsection.2.2.10}{\376\377\000T\000h\000e\000\040\000R\000e\000s\000u\000t\000s\000\040\000o\000f\000\040\000Q\000u\000e\000s\000t\000i\000o\000n\000\040\000\050\000d\000\051}{subsection.2.2}% 26
\BOOKMARK [3][-]{subsubsection.2.2.11}{\376\377\000S\000o\000m\000e\000\040\000a\000n\000a\000l\000y\000s\000i\000s\000\040\000o\000f\000\040\000p\000r\000o\000b\000l\000e\000m\000\040\000\050\000e\000\051}{subsection.2.2}% 27
\BOOKMARK [1][-]{section.3}{\376\377\000P\000r\000o\000b\000l\000e\000m\000\040\0003\000.\000\040\000W\000o\000r\000k\000e\000r\000\040\000s\000c\000h\000e\000d\000u\000l\000i\000n\000g\000\040}{}% 28
\BOOKMARK [2][-]{subsection.3.1}{\376\377\000Q\000u\000e\000s\000t\000i\000o\000n}{section.3}% 29
\BOOKMARK [2][-]{subsection.3.2}{\376\377\000S\000o\000l\000u\000t\000i\000o\000n\000:}{section.3}% 30
\BOOKMARK [3][-]{subsubsection.3.2.1}{\376\377\000N\000o\000t\000i\000o\000n\000\040\000E\000x\000p\000l\000a\000n\000a\000t\000i\000o\000n}{subsection.3.2}% 31
\BOOKMARK [3][-]{subsubsection.3.2.2}{\376\377\000O\000b\000j\000e\000c\000t\000i\000v\000e\000\040\000F\000u\000n\000c\000t\000i\000o\000n}{subsection.3.2}% 32
\BOOKMARK [3][-]{subsubsection.3.2.3}{\376\377\000C\000o\000n\000s\000t\000r\000a\000i\000n\000t\000s}{subsection.3.2}% 33
\BOOKMARK [3][-]{subsubsection.3.2.4}{\376\377\000S\000i\000g\000n\000\040\000R\000e\000s\000t\000r\000i\000c\000t\000i\000o\000n\000s}{subsection.3.2}% 34
\BOOKMARK [2][-]{subsection.3.3}{\376\377\000R\000e\000s\000u\000l\000t}{section.3}% 35
\BOOKMARK [1][-]{appendix.a.A}{\376\377\000P\000r\000o\000b\000l\000e\000m\000\040\0001}{}% 36
\BOOKMARK [2][-]{subsection.a.A.1}{\376\377\000L\000I\000N\000G\000O\000\040\000C\000o\000d\000e}{appendix.a.A}% 37
\BOOKMARK [2][-]{subsection.a.A.2}{\376\377\000S\000o\000l\000u\000t\000i\000o\000n\000\040\000R\000e\000p\000o\000r\000t}{appendix.a.A}% 38
\BOOKMARK [2][-]{subsection.a.A.3}{\376\377\000S\000e\000n\000s\000i\000t\000i\000v\000i\000t\000y\000\040\000R\000e\000p\000o\000r\000t}{appendix.a.A}% 39
\BOOKMARK [1][-]{appendix.a.B}{\376\377\000P\000r\000o\000b\000l\000e\000m\000\040\0002}{}% 40
\BOOKMARK [2][-]{subsection.a.B.1}{\376\377\000L\000I\000N\000G\000O\000\040\000C\000o\000d\000e\000\040\000o\000f\000\040\000Q\000u\000e\000s\000t\000i\000o\000n\000\040\000\050\000a\000\051\000-\000\050\000b\000\051}{appendix.a.B}% 41
\BOOKMARK [2][-]{subsection.a.B.2}{\376\377\000R\000e\000s\000u\000l\000t\000\040\000R\000e\000p\000o\000r\000t\000\040\000o\000f\000\040\000Q\000u\000e\000s\000t\000i\000o\000n\000\040\000\050\000a\000\051\000-\000\050\000b\000\051}{appendix.a.B}% 42
\BOOKMARK [2][-]{subsection.a.B.3}{\376\377\000L\000I\000N\000G\000O\000\040\000C\000o\000d\000e\000\040\000o\000f\000\040\000Q\000u\000e\000s\000t\000i\000o\000n\000\040\000\050\000c\000\051\000-\000\050\000d\000\051}{appendix.a.B}% 43
\BOOKMARK [2][-]{subsection.a.B.4}{\376\377\000R\000e\000s\000u\000l\000t\000\040\000R\000e\000p\000o\000r\000t\000\040\000o\000f\000\040\000Q\000u\000e\000s\000t\000i\000o\000n\000\040\000\050\000c\000\051\000-\000\050\000d\000\051}{appendix.a.B}% 44
\BOOKMARK [1][-]{appendix.a.C}{\376\377\000P\000r\000o\000b\000l\000e\000m\000\040\0003}{}% 45
\BOOKMARK [2][-]{subsection.a.C.1}{\376\377\000L\000I\000N\000G\000O\000\040\000C\000o\000d\000e}{appendix.a.C}% 46
\BOOKMARK [2][-]{subsection.a.C.2}{\376\377\000S\000o\000l\000u\000t\000i\000o\000n\000\040\000R\000e\000p\000o\000r\000t}{appendix.a.C}% 47
