\BOOKMARK [1][-]{section.1}{\376\377\173\200\116\313}{}% 1
\BOOKMARK [1][-]{section.2}{\376\377\120\022\172\313\144\106\174\373\176\337}{}% 2
\BOOKMARK [2][-]{subsection.2.1}{\376\377\173\046\123\367\213\364\146\016}{section.2}% 3
\BOOKMARK [2][-]{subsection.2.2}{\376\377\162\151\164\006\133\146\122\006\147\220\116\016\116\377\167\037\163\257\130\203}{section.2}% 4
\BOOKMARK [1][-]{section.3}{\376\377\127\372\116\216\116\367\120\074\121\375\145\160\166\204\137\072\123\026\133\146\116\140\145\271\154\325}{}% 5
\BOOKMARK [2][-]{subsection.3.1}{\376\377\171\273\145\143\123\026\145\271\154\325}{section.3}% 6
\BOOKMARK [3][-]{subsubsection.3.1.1}{\376\377\171\273\145\143\000Q\116\367\120\074\217\355\116\343\377\010\000D\000P\377\011}{subsection.3.1}% 7
\BOOKMARK [3][-]{subsubsection.3.1.2}{\376\377\000S\000a\000r\000s\000a}{subsection.3.1}% 8
\BOOKMARK [3][-]{subsubsection.3.1.3}{\376\377\000Q\000-\000L\000e\000a\000r\000n\000i\000n\000g}{subsection.3.1}% 9
\BOOKMARK [2][-]{subsection.3.2}{\376\377\220\074\217\321\126\150\145\271\154\325}{section.3}% 10
\BOOKMARK [1][-]{section.4}{\376\377\127\372\116\216\173\126\165\145\121\375\145\160\166\204\137\072\123\026\133\146\116\140\145\271\154\325}{}% 11
\BOOKMARK [2][-]{subsubsection.4.0.1}{\376\377\000R\000E\000I\000N\000F\000O\000R\000C\000E}{section.4}% 12
\BOOKMARK [3][-]{subsubsection.4.0.2}{\376\377\000A\000c\000t\000o\000r\000-\000C\000r\000i\000t\000i\000c}{subsubsection.4.0.1}% 13
\BOOKMARK [1][-]{section.5}{\376\377\133\236\232\214\176\323\147\234}{}% 14
\BOOKMARK [2][-]{subsection.5.1}{\376\377\171\273\145\143\000Q\116\367\120\074\217\355\116\343}{section.5}% 15
\BOOKMARK [2][-]{subsection.5.2}{\376\377\000S\000a\000r\000s\000a\173\227\154\325}{section.5}% 16
\BOOKMARK [2][-]{subsection.5.3}{\376\377\000Q\000-\000L\000e\000a\000r\000n\000i\000n\000g\000\040\173\227\154\325}{section.5}% 17
\BOOKMARK [2][-]{subsection.5.4}{\376\377\131\061\215\045\166\204\133\236\232\214\173\227\154\325}{section.5}% 18
\BOOKMARK [3][-]{subsubsection.5.4.1}{\376\377\127\372\116\216\000R\000B\000F\150\070\166\204\176\277\140\047\220\074\217\321\126\150\000+\000S\000a\000r\000s\000a\173\227\154\325}{subsection.5.4}% 19
\BOOKMARK [3][-]{subsubsection.5.4.2}{\376\377\127\372\116\216\173\126\165\145\150\257\136\246\166\204\137\072\123\026\133\146\116\140\173\227\154\325}{subsection.5.4}% 20
\BOOKMARK [2][-]{subsection.5.5}{\376\377\133\236\232\214\116\343\170\001}{section.5}% 21
\BOOKMARK [1][-]{section.6}{\376\377\140\073\176\323}{}% 22
\BOOKMARK [2][-]{subsection.6.1}{\376\377\120\022\172\313\144\106\174\373\176\337}{section.6}% 23
\BOOKMARK [2][-]{subsection.6.2}{\376\377\137\072\123\026\133\146\116\140\124\004\145\271\154\325}{section.6}% 24
\BOOKMARK [1][-]{section*.3}{\376\377\123\302\200\003\145\207\163\056}{}% 25
